Arguments: 
  E:\node\node.exe E:\yarn\bin\yarn.js add wenpack -D

PATH: 
  C:\Windows\system32;C:\Windows;C:\Windows\System32\Wbem;C:\Windows\System32\WindowsPowerShell\v1.0\;E:\Git\cmd;E:\node\;E:\yarn\bin\;E:\nginx-1.14.0;E:\cmder;C:\Program Files\MySQL\MySQL Server 8.0\bin;C:\Program Files\MongoDB\Server\3.2\bin;C:\Users\Administrator\AppData\Roaming\npm;C:\Users\Administrator\AppData\Local\Yarn\bin

Yarn version: 
  1.7.0

Node version: 
  10.4.1

Platform: 
  win32 x64

Trace: 
  Error: https://registry.npm.taobao.org/wenpack: Not found
      at Request.params.callback [as _callback] (E:\yarn\lib\cli.js:65656:18)
      at Request.self.callback (E:\yarn\lib\cli.js:134675:22)
      at Request.emit (events.js:182:13)
      at Request.<anonymous> (E:\yarn\lib\cli.js:135658:10)
      at Request.emit (events.js:182:13)
      at IncomingMessage.<anonymous> (E:\yarn\lib\cli.js:135578:12)
      at Object.onceWrapper (events.js:273:13)
      at IncomingMessage.emit (events.js:187:15)
      at endReadableNT (_stream_readable.js:1081:12)
      at process._tickCallback (internal/process/next_tick.js:63:19)

npm manifest: 
  {
    "name": "webpack",
    "version": "1.0.0",
    "description": "",
    "main": "index.js",
    "scripts": {
      "test": "echo \"Error: no test specified\" && exit 1"
    },
    "author": "",
    "license": "ISC"
  }

yarn manifest: 
  No manifest

Lockfile: 
  No lockfile
